1 REM * ’ҺҗҸ…„ҚҖҹ Җ’ҖҠҖ * Ӯ…Ҡ’Һҗ - 06– *        *   ғӢ…ҠӢ…җ һ.җ.  * ҠҲҳҲҚ…Ӯ-1988 *
2 SCREEN2,15:CLS:SCREEN0,0,0,128,32,208,6,134,22,63,0,197,34,236,2,152,164,255:I=255:SCREEN3,I,I,I,I,I,I,I,I:CLEAR
3 COLOR15,0,8
4 FORI=1TO4STEP3:COLORI:PLOT40-I,230-I,2:LINE3,2,BS:PRINT"Ӯ…Ҡ’Һҗ-06–":NEXTI
5 COLOR1:GOSUB 271:PLOT0,80,1:LINE255,180,BF:COLOR15:LINE0,80,B:GOSUB 270
6 COLOR2:PLOT17,140,2:LINE4,4,BS:PRINT"’ҺҗҸ…„ҚҖҹ":COLOR7:PLOT22,100,2:LINE7,4,BS:PRINT"Җ’ҖҠҖ"
7 CLEAR700:DIMTI(45):GOSUB 226
8 GOSUB 171:SCREEN0,2,32,208,7,134,22,54:GOSUB 272
9 COLOR15:PLOT55,30,2:LINE1,2,BS:PRINT"ӮҖҢ Қ“ҶҚӣ ҸҗҖӮҲӢҖ Ҳғҗӣ ?"
10 POKE28742,192:POKE28743,128:POKE28744,192:POKE28745,159:POKE28746,15:POKE28747,0
11 A$="’ҺҗҸ…„ҚҖҹ Җ’ҖҠҖ":CUR0,24
12 FORI=1TO15
13 CB=INT(RND(1)*6)+1
14 PLOT220,192,2:LINE2,2,BS:COLORCB:PRINTMID$(A$,I,1)
15 FORK=1TO20:R=USR(28748):NEXTK
16 CUR0,24:KL$=INKEY$:IF(KL$="D"ORKL$="„")ANDP=0THENGOSUB 199
17 IFP=0AND(KL$="N"ORKL$="Қ")THEN 25
18 IFP=1AND(KL$="D"ORKL$="„")THEN 25
19 NEXTI
20 FORK=1TO30:R=USR(28748):NEXTK
21 GOTO 12
22 IFP=1AND(KL$="D"ORKL$="„")THEN 25
23 IFP=0AND(KL$="N"ORKL$="Қ")THEN 25
24 IFKL$=""THENNEXTI
25 PLAY"P","P","P":W=0:R=0:SB=0
26 POKE28742,127:POKE28743,132:POKE28744,127:POKE28745,155:POKE28746,7
27 PR=126:T=0:COLOR4,0,8:CLS
28 PLOT45,200,2:LINE2,3,BS:PRINT"ҺҠҺҚ—ҖҚҲ… Ҳғҗӣ"
29 PLOT25,100,2:LINE3,3,BS:COLOR2:PRINT"-ҠӢҖӮҲҳҖ ^Ҡ^"
30 FORZ=0TO500:NEXTZ
31 COLOR8
32 PLOT255,255,1:LINE0,0,BF
33 COLOR4,208:PLOT28,62,1:LINE227,130,BF
34 COLOR14:PLOT50,160,2:LINE3,4,BS:PRINT"ӮҚҲҢҖҚҲ…!"
35 COLOR15:PLOT47,70,2:LINE3,4,BS:PRINT"Ӯ‘ҸӢӣӮҖ…Ң":GOSUB 240:COLOR4:RESTORE 219
36 FORI=0TO64:PLOT28,130+I,1:LINE227,130+I:M=USR(28672):PLOT30,128+I,0:LINE225,128+I:PLOT30,128-I,0:LINE225,128-I
37 IFI>22ANDI<30THENGOSUB 217
38 IFI>32ANDI<48THENGOSUB 217
39 IFI>52ANDI<61THENGOSUB 217
40 NEXTI
41 COLOR15,208,1:PLOT0,0,1:LINE255,255,B
42 COLOR2:PLOT1,1,1:LINE27,61:PLOT1,254,1:LINE27,193
43 PLOT254,1,1:LINE228,61:PLOT254,254,1:LINE228,193
44 GOSUB 217
45 GOSUB 259:FORI=1TO10:XT(I)=15*I+45:PUTXT(I),41,ADDR(TI(1)),1:NEXTI
46 A$=" ":GOSUB 70
47 IFSK>=3THENGOSUB 83
48 M=USR(28672)
49 IFSK>=4THENGOSUB 83
50 GOSUB 55
51 GOSUB 83
52 GOSUB 88
53 IFSK>=2THENGOSUB 83
54 GOTO 47
55 REM ӮӮҺ„ ҠҺҺҗ„ҲҚҖ’
56 A$=INKEY$:IFA$=""THENRETURN
57 B=INP(1):IFB=242THENS=3:GOTO 59
58 S=10
59 IFASC(A$)<>8THEN 62
60 IFPR<=55THEN 62
61 PR=PR-S:GOSUB 70
62 IFASC(A$)<>24THEN 65
63 IFPR>=200THEN 65
64 PR=PR+S:GOSUB 70
65 IFTR=1THENRETURN
66 IFASC(A$)=25THENGOSUB 224:TR=1:TX=PR-127:TY=64
67 IFASC(A$)=25THENPLAY"L16O1CDEFGABO2CDEFGABO3CDEFGABO4CDEFGABO5CDEFGABO6CDEFGABO7CDEFGAB","P","P"
68 IFA$="K"ORA$="Ҡ"THEN 148
69 RETURN
70 COLOR15:REM Ҹ…җ…Ң. ҸҗҲ–…ӢҖ
71 IFASC(A$)<>8THEN 75
72 PLOTPR+S,120,0:LINEPR+S,115
73 PLOTPR+S+10,125,0:LINEPR+S+15,125
74 PLOTPR+S-10,125,0:LINEPR+S-15,125
75 IFASC(A$)<>24THEN 79
76 PLOTPR-S,120,0:LINEPR-S,115
77 PLOTPR-S-10,125,0:LINEPR-S-15,125
78 PLOTPR-S+10,125,0:LINEPR-S+15,125
79 PLOTPR,120,1:LINEPR,115
80 PLOTPR+10,125,1:LINEPR+15,125
81 PLOTPR-10,125,1:LINEPR-15,125
82 RETURN
83 REM Ҹ…җ…Ң. ҠҺҗҖҒӢҹ
84 IFKR=0THENGOSUB 152
85 D=USR(28748):R=R+1
86 IFR>=195THENKR=0:R=0:MT=MT+1:SB=1:GOSUB 119
87 RETURN
88 IFTR=0THENRETURN:REM ’ҺҗҸ…„Җ
89 COLOR7:W=0
90 PLOT127+DX,TY,0:LINE127+DX+TX/12,TY+3
91 DX=DX+TX/8
92 TY=TY+8
93 PLOT127+DX,TY,1:LINE127+DX+TX/12,TY+3
94 IFTY<120THENRETURN
95 PLOT127+DX,TY,0:LINE127+DX+TX/12,TY+3
96 DX=DX+TX/8:TY=TY+10
97 PLOT127+DX,TY,2:W=POINT(0):WX=DX:DX=0:TR=0:IFW<>0THEN 100
98 IFT=10THEN 133
99 RETURN
100 COLOR7:REM ӮҮӮҗӣӮ Ҳ ҸҺғҗ“Ҷ…ҚҲ…
101 IFW=7ORW=2ORW=10ORW=3ORW=14THENCOLOR4
102 FORI=0TO2
103 PLOT120+WX+I,TY+3,1:LINE127+WX+I,TY:LINE123+WX+I,TY+3:BEEP.01,-12
104 PLOT134+WX+I,TY+6,1:LINE127+WX+I,TY:LINE131+WX+I,TY+6:BEEP.01,-12
105 PLOT134+WX+I,TY+3,1:LINE127+WX+I,TY:LINE131+WX+I,TY+3:BEEP.01,-12
106 PLOT120+WX+I,TY+6,1:LINE127+WX+I,TY:LINE123+WX+I,TY+6:BEEP.01,-12
107 NEXTI
108 TR=0:DX=0
109 FORI=1TO10:PLOT30,137-I,0:LINE225,137-I
110 IFI=2THENPLAY"L16O3GP32GP32G"
111 IFI=4THENPLAY"L8O3G.P32G.P32G."
112 IFI=7THENPLAY"L16O3GP32GP32G"
113 M=USR(28672)
114 NEXTI:KR=0:R=0
115 MP=MP+1
116 GOSUB 119
117 IFT=10THEN 133
118 RETURN
119 IFMP<>0THENXM=MP*15+45:YM=210:GOSUB 264:PRINT
120 COLOR135:F=RND(1):CUR3,2
121 IFSB=1THENCUR3,2:PRINT"Ӯӣ Қ…„Һ‘’Җ’Һ—ҚҺ Ғ„Ҳ’…ӢңҚӣ, ҠҖҸҲ’ҖҚ!":SB=0:RETURN
122 IFMP<3THENRETURN
123 ONMT+1GOTO 125, 126, 127, 128, 129, 130
124 GOTO 131
125 IFF<.3THEN:PRINT"Ҹҗ…ҠҗҖ‘ҚҺ! ҹ ғҺҗҶ“‘ң ӮҖҢҲ, ҠҖҸҲ’ҖҚ!":RETURN
126 IFF<.5THENCUR5,2:PRINT"ҹ Ӯ‘…ғ„Җ Ӯ ӮҖ‘ Ӯ…җҲӢҖ, ҠҖҸҲ’ҖҚ!":RETURN
127 IFF<.5THENCUR8,2:PRINT"ҹ ӮҖҢҲ „ҺӮҺӢңҚҖ, ҠҖҸҲ’ҖҚ!":RETURN
128 IFF<.5THENCUR5,2:PRINT"Ӯӣ ӮҺӮҗ…Ңҹ Ҳ‘ҸҗҖӮҲӢҲ ‘ӮҺһ ҺҳҲҒҠ“":RETURN
129 IFF<.5THENPRINT"ҚҖ ӮҖҳ…ү ‘ҺӮ…‘’Ҳ —…’ӣҗ… ҸҗҺҸ“ҷ…ҚҚӣ•":RETURN
130 IFF<.5THENCUR7,2:PRINT"Ӯӣ Қ… ҺҸҗҖӮ„ҖӢҲ ҢҺҲ• ҚҖ„…Ҷ„":RETURN
131 IFF<.5THENCUR6,2:PRINT"’…Ҹ…җң “Ҷ… ӮҖ‘ ҚҲ—’Һ Қ… ‘ҸҖ‘…’" :RETURN
132 RETURN
133 FORI=0TO200:NEXTI:CLS:COLOR7,0,8:PLOT45,200,1:LINE2,3,BS
134 PRINT"Ҳ’ҖҠ, ҠҖҸҲ’ҖҚ,"
135 COLOR13:PLOT33,150,2:LINE2,3,BS:PRINT"ҲҮ ";MP+MT;" ҠҺҗҖҒӢ…ү"
136 COLOR2:PLOT23,120,2:LINE2,2,BS:PRINT"ӮҖҢҲ ҸҺ’ҺҸӢ…ҚҺ-";MP
137 IF10-MP=1THENT$=" ’ҺҗҸ…„Җ Ҹ“ҷ…ҚҖ "
138 IF10-MP>1THENT$=" ’ҺҗҸ…„ӣ Ҹ“ҷ…Қӣ "
139 IF10-MP>4THENT$=" ’ҺҗҸ…„ Ҹ“ҷ…ҚҺ "
140 IF10-MP>0THENCOLOR3:PLOT15,80,2:LINE2,2,BS:PRINT10-MP;T$
141 IF10-MP>0THENCOLOR3:PLOT40,60,2:LINE3,2,BS:PRINT"ҢҲҢҺ –…ӢҲ.":GOTO 145
142 COLOR4:PLOT25,80,2:LINE2,1,BS:PRINT"ҮҖ ҒҺ…Ӯӣ… ҮҖ‘Ӣ“ғҲ":PLOT67,60,2:LINE1,2,BS:PRINT"Ӯӣ ҚҖғҗҖҶ„…Қӣ Һҗ„…ҚҺҢ"
143 XM=128:YM=35:GOSUB 264
144 COLOR7:PLOT33,10,2:LINE2,1,BS:PRINT"Ҳ ҸҗҲҮҺӮҺү ҲғҗҺү":PAUSE3:RUN 25
145 COLOR4:PLOT25,10,2:LINE2,1,BS:PRINT"•Һ’Ҳ’… …ҷ… ҲғҗҖ’ң?"
146 O$=INKEY$:IFO$=""THEN 146
147 IFO$="D"ORO$="„"THENRUN 25
148 CLS:COLOR7,128,1
149 PLOT55,100,2:LINE2,3,BS:PRINT"„Һ ‘ӮҲ„ҖҚҲҹ!":CUR0,24
150 CLEAR500:GOSUB 240:FORI=0TO11000:NEXTI
151 GOTO 273
152 W=0:REM Ӯӣ•Һ„ ҠҺҗҖҒӢҹ
153 NK=INT(RND(1)*2):TK=INT(RND(1)*5)+5:SK=INT(RND(1)*4)+1:IFTK<7ANDMP>0THENPLAYM1$,M2$,"P"
154 IFNK=1THENKX=32:POKE28743,132:POKE28745,156:GOTO 156
155 KX=223:POKE28743,131:POKE28745,155
156 CK=INT(RND(1)*13)+2:IFCK=3THEN 156
157 KR=1:POKE28747,NK
158 COLORCK
159 IFNK=1THEN 162
160 PLOTKX-4,131,1:LINEKX,127:LINEKX-3,132:PLOTKX-2,132,1:LINEKX,127:LINEKX-1,131
161 GOTO 163
162 PLOTKX+4,131,1:LINEKX,127:LINEKX+3,132:PLOTKX+2,132,1:LINEKX,127:LINEKX+1,131
163 FORI=1TOTK-2:PLOTKX,127,1:LINEKX,131:D=USR(28748):M=USR(28672):GOSUB 55:GOSUB 88:IFW<>0THENKR=0:W=0:GOTO 169
164 COLORCK:NEXTI
165 FORI=1TOTK:PLOTKX,127,1:LINEKX,133:D=USR(28748):M=USR(28672):GOSUB 55:GOSUB 88:IFW<>0THENKR=0:W=0:GOTO 169
166 COLORCK:NEXTI
167 FORI=1TOTK:PLOTKX,127,1:LINEKX,130:D=USR(28748):M=USR(28672):GOSUB 55:GOSUB 88:IFW<>0THENKR=0:W=0:GOTO 169
168 COLORCK:NEXTI
169 COLOR135:CUR3,2:PRINTSPC(36):CUR3,2
170 RETURN
171 RESTORE 176:FORI=28672TO28855:READD$:X=0
172 C1=I-28672:SCREEN0,2,C1:C2=C1+12:SCREEN0,7,C2
173 FORJ=1TO2:X=X*16:D=ASC(MID$(D$,J,1))-48:IFD>9THEND=D-7
174 X=X+D:NEXTJ:POKEI,X:NEXTI
175 RETURN
176 DATA16,10,06,40,21,40,E4,CD
177 DATA10,70,04,15,C2,07,70,C9
178 DATAD5,11,10,00,0E,18,CD,2A
179 DATA70,77,19,77,19,77,19,77
180 DATA24,68,0D,C2,16,70,26,E4
181 DATAD1,C9,C5,E5,2A,44,70,0E
182 DATA16,7C,29,E6,60,EA,39,70
183 DATA23,0D,C2,31,70,22,44,70
184 DATA7D,E1,C1,C9,01,01,7F,84
185 DATA7F,9B,0A,00,2A,46,70,E5
186 DATA2A,48,70,E5,3A,4A,70,47
187 DATA0E,04,2A,46,70,EB,2A,48
188 DATA70,E5,D5,2C,1C,22,48,70
189 DATAEB,22,46,70,2D,1D,EB,CD
190 DATA92,70,0D,D1,E1,CA,85,70
191 DATA3E,20,82,57,3E,20,84,67
192 DATAE5,D5,C3,6F,70,05,C2,58
193 DATA70,E1,22,48,70,E1,22,46
194 DATA70,C9,3A,4B,70,37,3F,F5
195 DATAB7,C2,AA,70,F1,7E,17,77
196 DATA25,F5,7A,BC,C2,9C,70,C3
197 DATAB6,70,EB,F1,7E,1F,77,24
198 DATAF5,7A,BC,C2,AB,70,F1,C9
199 REM ҲҚ‘’җ“Ҡ–Ҳҹ
200 KL$="":P=1:COLOR1:PLOT1,81,1:LINE254,179,BF
201 COLOR8:PLOT0,0,1:LINE255,70,BF
202 COLOR23:CUR0,16
203 PRINTTAB(3)"ҠҖҸҲ’ҖҚ!  Ӯӣ ҚҖҮҚҖ—Җ…’…‘ң  ҠҺҢҖҚ„ҲҗҺҢ"
204 PRINT" ҸҺ„ӮҺ„ҚҺү ӢҺ„ҠҲ.  ҸҺ‘’ҖҗҖү’…‘ң ҸҺ’ҺҸҲ’ң"
205 PRINT" ҠҺҗҖҒӢҲ Қ…ҸҗҲҹ’…Ӣҹ. “ҸҗҖӮӢ…ҚҲ… ҸҗҲ–…ӢҺҢ"
206 PRINT" Һ‘“ҷ…‘’ӮӢҹ…’‘ҹ ҠӢҖӮҲҳҖҢҲ ^ӮӢ…ӮҺ-ӮҸҗҖӮҺ^,"
207 PRINT" “‘ҠҺҗ…ҚҚҺ… Ҹ…җ…Ң…ҷ…ҚҲ… ҸҗҲ–…ӢҖ ҸҗҲ Һ„ҚҺ-"
208 PRINT" Ӯҗ…Ң…ҚҚҺҢ ҚҖҶҖ’ҲҲ ҠӢ.^‘‘^ ҲӢҲ ҠӢ.^җ“‘^,"
209 PRINT" Ҹ“‘Ҡ ’ҺҗҸ…„ӣ ҸҗҺҲҮӮҺ„Ҳ’‘ҹ ҠӢ.- ^ӮӮ…җ•^."
210 PRINT"  ӮҖҳ ҒҺ…ҠҺҢҸӢ…Ҡ’ ‘Һ‘’ҺҲ’ ҲҮ 10 ’ҺҗҸ…„."
211 PRINTTAB(15)"Ҷ…ӢҖһ “„Җ—Ҳ !"
212 COLOR7:PLOT8,50,2:LINE2,2,BS
213 PRINT"…‘ӢҲ Ӯӣ ғҺ’ҺӮӣ Ҡ ҒҺһ"
214 COLOR4:PLOT5,20,2:LINE2,2,BS
215 PRINT"-ҚҖҶҢҲ’… ҠӢҖӮҲҳ“  ^„^"
216 RETURN
217 REM ҺҒӢҖҠҖ
218 COLOR11:READX,Y,A,B:PLOTX,Y,1:LINEA,B:COLOR4:RETURN
219 DATA125,150,129,150,123,151,131,151,122,152,132,152,123,153,126,153,128,153,131,153,124,154,125,154,129,154,130,154
220 DATA60,160,80,160,59,161,81,161,58,162,82,162,57,163,61,163,63,163,77,163,79,163,83,163,57,164,61,164,64,164,76,164,79
221 DATA164,83,164,58,165,60,165,65,165,75,165,80,165,82,165,67,166,73,166,62,159,78,159,64,158,76,158
222 DATA174,180,186,180,172,181,188,181,171,182,189,182,171,183,179,183,181,183,189,183
223 DATA172,184,178,184,182,184,188,184,174,185,176,185,184,185,186,185
224 COLOR8:T=T+1:XT(T)=15*T+45:PLOTXT(T),41,1:LINEXT(T)+2,55,BF
225 RETURN
226 RESTORE 232:M=M+1:REM Ң“ҮӣҠҖ
227 FORI=1TO4:READN$:M1$=M1$+N$:NEXTI
228 FORI=1TO4:READN$:M2$=M2$+N$:NEXTI
229 IFM=1THENM1$=M1$+"R":M2$=M2$+"R"
230 PLAYM1$,M2$,"P"
231 RETURN
232 DATA"L4O5CO4AF2O5CO4AF2EDE2E2.P"
233 DATA"CDEFGAA+2AGO5C1P2"
234 DATA"CO4AF2O5CO4AF2AO5CD2F2.P"
235 DATA"EDCO4AO5DCO4A+O5DO4DEF1P1"
236 DATA"L2O4CO3FO4CO3FEEE.P4"
237 DATA"CEGA+AO4C1P"
238 DATA"CO3FO4CO3FAO4DF.P4"
239 DATA"ECDO3A+DF1P1"
240 RESTORE 247:REM Ң“ҮӣҠҖ 2
241 M4$="":M5$="":M6$=""
242 FORJ=1TO4:READN$:M4$=M4$+N$:NEXTJ
243 FORJ=1TO4:READN$:M5$=M5$+N$:NEXTJ
244 FORJ=1TO4:READN$:M6$=M6$+N$:NEXTJ
245 PLAYM4$,M5$,M6$
246 RETURN
247 DATA"L4O4A8O5C2D.O4A8O5C2D.O4A8O5C2O4A+.A8A+2."
248 DATA"O5CC2O4EGA+2AGF2.GA2."
249 DATA"AO5D2DD+DCO4A+AG2GA+O5D2."
250 DATA"DC2EDCO4A+AGF1FP1R"
251 DATA"L4O4P8A2A.P8A2A.P8G2G.P8G2."
252 DATA"PP2PEG2PEC2.CE2."
253 DATA"EA2A1P2D2DFA+2."
254 DATA"PG2G2G2E2C1CP1R"
255 DATA"L4O4F8F2F.F8F2F.F8E2E.E8E2."
256 DATA"CC1E2ECO3A2.AO4C+2."
257 DATA"C+F+2F+1F+2O3A+2A+O4DG2."
258 DATA"A+F2E2E2C2O3A1AP1R"
259 COLOR7:PLOT60,45,1:LINE60,54:PLOT62,45,1:LINE62,54:PLOT61,44,1:PLOT61,55,1
260 PLOT60,41,1:LINE62,43,BF
261 COLOR2:PLOT61,45,1:LINE61,52:COLOR4:PLOT61,53,1:LINE61,54
262 PLOT60,41,2:GET3,15,ADDR(TI(1))
263 RETURN
264 REM Ң…„ҖӢң
265 COLOR7:CIRCLEXM,YM,6:PAINTXM,YM,10,7
266 COLOR7:PLOTSTEP-6,8,1:LINESTEP12,5,B:PLOTXM,YM+7,1:COLOR4:PLOTSTEP-5,2,1:LINESTEP10,3,BF
267 PLOTSTEP-6,-9,1:LINESTEP2,0:LINESTEP0,-2:LINESTEP-2,0:LINESTEP0,2
268 PLOTSTEP1,-3,1:LINESTEP0,-4:PLOTSTEP-3,2,1:LINESTEP0,-1:LINESTEP6,0:LINESTEP0,1
269 RETURN
270 SCREEN3,0,255,0,255,0,255,0,255:RETURN
271 SCREEN3,204,204,51,51,204,204,51,51:RETURN
272 SCREEN3,255,255,255,255,255,255,255,255:RETURN
273 PLAY"P","P","P":PAUSE2
274 REM ******* ҠҺҚ…– *******
